<?xml version="1.0" encoding="UTF-8"?>
<testsuite xmlns:xsi="http://www.w3.org/2001/XMLSchema-instance" xsi:noNamespaceSchemaLocation="https://maven.apache.org/surefire/maven-surefire-plugin/xsd/surefire-test-report-3.0.xsd" version="3.0" name="login.LoginTest" time="21.059" tests="2" errors="1" skipped="0" failures="0">
  <properties>
[...]
</properties>
  <testcase name="testCompraCompleta" classname="login.LoginTest" time="8.675">
    <error type="org.openqa.selenium.NoSuchElementException"><![CDATA[org.openqa.selenium.NoSuchElementException: 
An element could not be located on the page using the given search parameters.
For documentation on this error, please visit: https://www.selenium.dev/documentation/webdriver/troubleshooting/errors#no-such-element-exception
Build info: version: '4.29.0', revision: '5fc1ec94cb'
System info: os.name: 'Windows 10', os.arch: 'amd64', os.version: '10.0', java.version: '11.0.26'
Driver info: io.appium.java_client.android.AndroidDriver
Command: [2591612c-dd29-46d8-9cd0-fbbb9b9a9ec5, findElement {value=test-Username, using=accessibility id}]
Capabilities {appium:appActivity: com.swaglabsmobileapp.MainA..., appium:appPackage: com.swaglabsmobileapp, appium:automationName: UiAutomator2, appium:databaseEnabled: false, appium:desired: {appActivity: com.swaglabsmobileapp.MainA..., appPackage: com.swaglabsmobileapp, automationName: UiAutomator2, deviceName: Pixel 7 Pro, ensureWebviewsHavePages: true, nativeWebScreenshot: true, platformName: ANDROID, udid: emulator-5554}, appium:deviceApiLevel: 35, appium:deviceManufacturer: Google, appium:deviceModel: sdk_gphone64_x86_64, appium:deviceName: emulator-5554, appium:deviceScreenDensity: 560, appium:deviceScreenSize: 1440x3120, appium:deviceUDID: emulator-5554, appium:ensureWebviewsHavePages: true, appium:javascriptEnabled: true, appium:locationContextEnabled: false, appium:nativeWebScreenshot: true, appium:networkConnectionEnabled: true, appium:pixelRatio: 3.5, appium:platformVersion: 15, appium:statBarHeight: 144, appium:takesScreenshot: true, appium:udid: emulator-5554, appium:viewportRect: {height: 2976, left: 0, top: 144, width: 1440}, appium:warnings: {}, appium:webStorageEnabled: false, platformName: ANDROID}
Session ID: 2591612c-dd29-46d8-9cd0-fbbb9b9a9ec5
	at login.LoginTest.testCompraCompleta(LoginTest.java:61)
]]></error>
    <system-out><![CDATA[Iniciando os testes...
Iniciando teste de compra completa...
]]></system-out>
  </testcase>
  <testcase name="testLoginComSucesso" classname="login.LoginTest" time="12.342">
    <system-out><![CDATA[Iniciando teste de login...
Login realizado com sucesso.
]]></system-out>
  </testcase>
</testsuite>