<?xml version="1.0" encoding="UTF-8"?>
<testsuite xmlns:xsi="http://www.w3.org/2001/XMLSchema-instance" xsi:noNamespaceSchemaLocation="https://maven.apache.org/surefire/maven-surefire-plugin/xsd/surefire-test-report-3.0.xsd" version="3.0" name="login.LoginTest" time="8.763" tests="1" errors="0" skipped="0" failures="0">
  <properties>
[...]
</properties>
  <testcase name="testLoginComSucesso" classname="login.LoginTest" time="8.748">
    <system-out><![CDATA[Iniciando os testes...
Iniciando teste de login...
Login realizado com sucesso.
]]></system-out>
  </testcase>
</testsuite>